
** maxlevel set to 4
  **
  ** Beginning refinement level 0
  **

[Ali]
%IMPACT-I (openwt): Request to open FORMATTED file 7YON-impref_ref0.out on unit   2
 Entering IMPACT execution environment 
 Date: Sunday, July 02 2023, at 20:21:54 AWST
 Impact version 75013
 mmshare version        38013
 Copyright (c) Schrodinger, LLC.
 All Rights Reserved.

 Host: Linux Ali 5.19.0-45-generic #46~22.04.1-Ubuntu SMP PREEMPT_DYNAMIC Wed Jun 7 15:06:04 UTC 20 x86_64
 Job Name: 7YON-impref_ref0
 SCHRODINGER  directory: /opt/schrodinger2017-2
 IMPACT_EXEC  directory: /opt/schrodinger2017-2/impact-v7.5/bin/Linux-x86_64
 MMSHARE_EXEC directory: /opt/schrodinger2017-2/mmshare-v3.8/bin/Linux-x86_64

 Clock-based global random seed:     1688300514
%IMPACT-I(foldmain): calling OPLS_2005 atomtyping ...
%IMPACT-I(foldmain): finished parameter assignment
 PARM read from file "paramstd.dat"
 Parameter obtained from atomtyping
      Current coord. are written to file: "7YON-impref.init_coord.rst"
      Box dimensions not written


 Total number of atoms  =  3533
 
 Neighbor List Cutoff Settings
 ==================================
 Cutoff radius:   10.0000000000000     
 Update frequency: every           10  steps
 Species   1 : Neighbors are calculated on a per residue basis
 Species   1 : Cutoff by inter-atomic distances
 
 Step number:          0         Non-bonded count:   873216
 E-pot        RMS grad     Max grad    
  4.33298E+01  1.14515E+01  2.59125E+02
 Step number:         10         Non-bonded count:   873216
 -8.80623E+02  1.65782E+00  1.93992E+01
 Step number:         20         Non-bonded count:   875270
 -9.68123E+02  8.96927E-01  1.17018E+01
 Step number:         30         Non-bonded count:   876092
 -1.00284E+03  6.67818E-01  6.45180E+00
 Step number:         40         Non-bonded count:   876860
 -1.02439E+03  5.55682E-01  7.60685E+00
 Step number:         50         Non-bonded count:   877734
 -1.03852E+03  4.14951E-01  1.22180E+01
 Step number:         60         Non-bonded count:   879135
 -1.04578E+03  3.16259E-01  6.90331E+00
 Step number:         70         Non-bonded count:   879034
 -1.05044E+03  2.78389E-01  7.54938E+00
 Step number:         80         Non-bonded count:   878682
 -1.05405E+03  2.28189E-01  5.05462E+00
 Step number:         90         Non-bonded count:   878460
 -1.05681E+03  2.03270E-01  4.17725E+00
 Step number:        100         Non-bonded count:   878080
 -1.05920E+03  2.01334E-01  3.38838E+00
 Step number:        100         Non-bonded count:   878580
 -1.05887E+03  2.01313E-01  3.38838E+00
      Current coord. are written to file: "7YON-impref.min0_coord.rst"
      Box dimensions not written
      Current coordinates are read from file: "7YON-impref.init_coord.rst"
      Box dimensions not read
          read from "7YON-impref.init_coord.rst"
  
 Energy and Force Generation Info: 
 --------------------------------- 
 Number of E&F called:     262
 PARM read from file "paramstd.dat"
 Parameter obtained from atomtyping
      Current coordinates are read from file: "7YON-impref.min0_coord.rst"
      Box dimensions not read
          read from "7YON-impref.min0_coord.rst"


 Total number of atoms  =  3533
 
 Neighbor List Cutoff Settings
 ==================================
 Cutoff radius:   10.0000000000000     
 Update frequency: every           10  steps
 Species   1 : Neighbors are calculated on a per residue basis
 Species   1 : Cutoff by inter-atomic distances
 
 Step number:          0         Non-bonded count:   878580
 E-pot        RMS grad     Max grad    
  4.60711E+02  4.86507E+00  3.73389E+01
 Step number:         10         Non-bonded count:   878580
 -1.58212E+02  1.60711E+00  3.15910E+01
 Step number:         20         Non-bonded count:   876769
 -2.56135E+02  9.67684E-01  1.96889E+01
 Step number:         30         Non-bonded count:   876705
 -2.88647E+02  5.53226E-01  1.47410E+01
 Step number:         40         Non-bonded count:   877117
 -3.02606E+02  4.05522E-01  1.19565E+01
 Step number:         50         Non-bonded count:   876094
 -3.08899E+02  2.85701E-01  8.33334E+00
 Step number:         60         Non-bonded count:   876145
 -3.12627E+02  2.15747E-01  6.06925E+00
 Step number:         70         Non-bonded count:   876523
 -3.14354E+02  1.31357E-01  3.22129E+00
 Step number:         80         Non-bonded count:   876257
 -3.15282E+02  1.20955E-01  3.96945E+00
 Step number:         90         Non-bonded count:   877015
 -3.15970E+02  9.00343E-02  3.39489E+00
 Step number:        100         Non-bonded count:   877015
 -3.16277E+02  5.72408E-02  1.42179E+00
 Step number:        100         Non-bonded count:   876903
 -3.16271E+02  5.72423E-02  1.42179E+00
  
 Energy and Force Generation Info: 
 --------------------------------- 
 Number of E&F called:     517


Final Energy Reports:
------------------------------------
 Total Energy of the system...... -3.16271E+02 kcal/mol
 Total Potential Energy.......... -3.16271E+02 kcal/mol
 Total Kinetic Energy............  0.00000E+00 kcal/mol
 Temperature of the system.......        0.000 K
 Bond Stretch Energy.............  6.24497E+01 kcal/mol
 Angle Bending Energy............  2.46806E+02 kcal/mol
 Torsion Angle Energy............  6.10752E+02 kcal/mol
 Restraining Energy for Torsions.  0.00000E+00 kcal/mol
 1,4 Lennard Jones Energy........  1.08015E+03 kcal/mol
 1,4 Electrostatic Energy........  4.54168E+02 kcal/mol
 Lennard Jones Energy............ -1.73716E+03 kcal/mol
 Electrostatic Energy............ -1.16867E+03 kcal/mol
 H-bond Energy...................  0.00000E+00 kcal/mol
 
 Exiting IMPACT execution environment 
 Date: Sunday, July 02 2023, at 20:22:03 AWST
%IMPACT-I (timit): Total CPU time =       8.53 seconds (   0.1 minutes)
Total elapsed time = 9 seconds
  ** Completed refinement level 0      rmsd =  0.101
  **
  ** Beginning refinement level 1
  **

[Ali]
%IMPACT-I (openwt): Request to open FORMATTED file 7YON-impref_ref1.out on unit   2
 Entering IMPACT execution environment 
 Date: Sunday, July 02 2023, at 20:22:03 AWST
 Impact version 75013
 mmshare version        38013
 Copyright (c) Schrodinger, LLC.
 All Rights Reserved.

 Host: Linux Ali 5.19.0-45-generic #46~22.04.1-Ubuntu SMP PREEMPT_DYNAMIC Wed Jun 7 15:06:04 UTC 20 x86_64
 Job Name: 7YON-impref_ref1
 SCHRODINGER  directory: /opt/schrodinger2017-2
 IMPACT_EXEC  directory: /opt/schrodinger2017-2/impact-v7.5/bin/Linux-x86_64
 MMSHARE_EXEC directory: /opt/schrodinger2017-2/mmshare-v3.8/bin/Linux-x86_64

 Clock-based global random seed:     1688300523
%IMPACT-I(foldmain): calling OPLS_2005 atomtyping ...
%IMPACT-I(foldmain): finished parameter assignment
 PARM read from file "paramstd.dat"
 Parameter obtained from atomtyping


 Total number of atoms  =  3533
 
 Neighbor List Cutoff Settings
 ==================================
 Cutoff radius:   10.0000000000000     
 Update frequency: every           10  steps
 Species   1 : Neighbors are calculated on a per residue basis
 Species   1 : Cutoff by inter-atomic distances
 
 Step number:          0         Non-bonded count:   876903
 E-pot        RMS grad     Max grad    
 -4.51503E+02  7.16055E-01  8.69051E+00
 Step number:         10         Non-bonded count:   876903
 -5.09751E+02  7.41877E-01  1.17403E+01
 Step number:         20         Non-bonded count:   876455
 -5.37254E+02  4.89912E-01  5.66483E+00
 Step number:         30         Non-bonded count:   875996
 -5.48796E+02  3.58566E-01  6.07612E+00
 Step number:         40         Non-bonded count:   876239
 -5.55016E+02  2.69374E-01  3.75311E+00
 Step number:         50         Non-bonded count:   876515
 -5.58264E+02  2.02723E-01  5.76786E+00
 Step number:         60         Non-bonded count:   876450
 -5.59399E+02  1.40450E-01  1.93040E+00
 Step number:         70         Non-bonded count:   875395
 -5.60277E+02  1.08657E-01  1.81582E+00
 Step number:         80         Non-bonded count:   875827
 -5.61320E+02  8.30535E-02  8.11983E-01
 Step number:         90         Non-bonded count:   876091
 -5.62274E+02  6.78216E-02  1.03613E+00
 Step number:        100         Non-bonded count:   876267
 -5.62503E+02  5.35757E-02  6.91843E-01
 Step number:        100         Non-bonded count:   876267
 -5.62503E+02  5.35757E-02  6.91843E-01
  
 Energy and Force Generation Info: 
 --------------------------------- 
 Number of E&F called:     279


Final Energy Reports:
------------------------------------
 Total Energy of the system...... -5.62503E+02 kcal/mol
 Total Potential Energy.......... -5.62503E+02 kcal/mol
 Total Kinetic Energy............  0.00000E+00 kcal/mol
 Temperature of the system.......        0.000 K
 Bond Stretch Energy.............  9.02688E+01 kcal/mol
 Angle Bending Energy............  2.88061E+02 kcal/mol
 Torsion Angle Energy............  5.66982E+02 kcal/mol
 Restraining Energy for Torsions.  0.00000E+00 kcal/mol
 1,4 Lennard Jones Energy........  9.86654E+02 kcal/mol
 1,4 Electrostatic Energy........  4.48475E+02 kcal/mol
 Lennard Jones Energy............ -1.82803E+03 kcal/mol
 Electrostatic Energy............ -1.16477E+03 kcal/mol
 H-bond Energy...................  0.00000E+00 kcal/mol
 
 Exiting IMPACT execution environment 
 Date: Sunday, July 02 2023, at 20:22:09 AWST
%IMPACT-I (timit): Total CPU time =       5.72 seconds (   0.1 minutes)
Total elapsed time = 6 seconds
  ** Completed refinement level 1      rmsd =  0.187
  **
  ** Beginning refinement level 2
  **

[Ali]
%IMPACT-I (openwt): Request to open FORMATTED file 7YON-impref_ref2.out on unit   2
 Entering IMPACT execution environment 
 Date: Sunday, July 02 2023, at 20:22:09 AWST
 Impact version 75013
 mmshare version        38013
 Copyright (c) Schrodinger, LLC.
 All Rights Reserved.

 Host: Linux Ali 5.19.0-45-generic #46~22.04.1-Ubuntu SMP PREEMPT_DYNAMIC Wed Jun 7 15:06:04 UTC 20 x86_64
 Job Name: 7YON-impref_ref2
 SCHRODINGER  directory: /opt/schrodinger2017-2
 IMPACT_EXEC  directory: /opt/schrodinger2017-2/impact-v7.5/bin/Linux-x86_64
 MMSHARE_EXEC directory: /opt/schrodinger2017-2/mmshare-v3.8/bin/Linux-x86_64

 Clock-based global random seed:     1688300529
%IMPACT-I(foldmain): calling OPLS_2005 atomtyping ...
%IMPACT-I(foldmain): finished parameter assignment
 PARM read from file "paramstd.dat"
 Parameter obtained from atomtyping


 Total number of atoms  =  3533
 
 Neighbor List Cutoff Settings
 ==================================
 Cutoff radius:   10.0000000000000     
 Update frequency: every           10  steps
 Species   1 : Neighbors are calculated on a per residue basis
 Species   1 : Cutoff by inter-atomic distances
 
 Step number:          0         Non-bonded count:   876267
 E-pot        RMS grad     Max grad    
 -6.12360E+02  2.42573E-01  2.07674E+00
 Step number:         10         Non-bonded count:   876267
 -6.29452E+02  6.44205E-01  8.06901E+00
 Step number:         20         Non-bonded count:   876220
 -6.46401E+02  4.34156E-01  5.11336E+00
 Step number:         30         Non-bonded count:   877823
 -6.55613E+02  3.63365E-01  5.21472E+00
 Step number:         40         Non-bonded count:   878974
 -6.61787E+02  2.82174E-01  4.26716E+00
 Step number:         50         Non-bonded count:   879983
 -6.65659E+02  2.47525E-01  6.05876E+00
 Step number:         60         Non-bonded count:   880923
 -6.68493E+02  1.83401E-01  2.90882E+00
 Step number:         70         Non-bonded count:   881287
 -6.70260E+02  1.67379E-01  3.99475E+00
 Step number:         80         Non-bonded count:   881362
 -6.71529E+02  1.34449E-01  1.67942E+00
 Step number:         90         Non-bonded count:   881524
 -6.72429E+02  1.12508E-01  1.55294E+00
 Step number:        100         Non-bonded count:   880600
 -6.72991E+02  9.32515E-02  8.77072E-01
 Step number:        100         Non-bonded count:   881265
 E-pot        RMS grad     Max grad    
 -6.73045E+02  9.32442E-02  8.77072E-01
  
 Energy and Force Generation Info: 
 --------------------------------- 
 Number of E&F called:     274


Final Energy Reports:
------------------------------------
 Total Energy of the system...... -6.73045E+02 kcal/mol
 Total Potential Energy.......... -6.73045E+02 kcal/mol
 Total Kinetic Energy............  0.00000E+00 kcal/mol
 Temperature of the system.......        0.000 K
 Bond Stretch Energy.............  9.52816E+01 kcal/mol
 Angle Bending Energy............  3.03489E+02 kcal/mol
 Torsion Angle Energy............  5.31898E+02 kcal/mol
 Restraining Energy for Torsions.  0.00000E+00 kcal/mol
 1,4 Lennard Jones Energy........  9.69316E+02 kcal/mol
 1,4 Electrostatic Energy........  4.46935E+02 kcal/mol
 Lennard Jones Energy............ -1.87659E+03 kcal/mol
 Electrostatic Energy............ -1.17769E+03 kcal/mol
 H-bond Energy...................  0.00000E+00 kcal/mol
 
 Exiting IMPACT execution environment 
 Date: Sunday, July 02 2023, at 20:22:15 AWST
%IMPACT-I (timit): Total CPU time =       5.74 seconds (   0.1 minutes)
Total elapsed time = 6 seconds
  ** Completed refinement level 2      rmsd =  0.303

** Refinement finished. Final level: 1

** The refined complex file is 7YON-impref_ref.mae.
